
############## paaVerificaRPT ###############
Ricevuto il: 2019-03-21T10:08:03+01:00identificativoPSP:PAYTITM1
---------------------------------------------
Response:#############################################


############## paaVerificaRPT ###############
Ricevuto il: 2019-03-21T10:08:27+01:00identificativoPSP:PAYTITM1
---------------------------------------------
Response:#############################################


############## paaVerificaRPT ###############
Ricevuto il: 2019-03-21T10:14:31+01:00identificativoPSP:PAYTITM1
---------------------------------------------
Response:#############################################


############## paaVerificaRPT ###############
Ricevuto il: 2019-03-21T14:32:00+01:00identificativoPSP:AGID_01
---------------------------------------------
Response:#############################################


############## paaVerificaRPT ###############
Ricevuto il: 2019-03-21T14:33:42+01:00identificativoPSP:AGID_01
---------------------------------------------

############## paaVerificaRPT ###############
Ricevuto il: 2019-03-21T14:38:47+01:00identificativoPSP:AGID_01
---------------------------------------------

############## paaVerificaRPT ###############
Ricevuto il: 2019-03-21T14:41:47+01:00identificativoPSP:AGID_01
---------------------------------------------

############## paaVerificaRPT ###############
Ricevuto il: 2019-03-21T14:42:06+01:00identificativoPSP:AGID_01
---------------------------------------------

############## paaVerificaRPT ###############
Ricevuto il: 2019-03-21T14:42:56+01:00identificativoPSP:?
---------------------------------------------

############## paaVerificaRPT ###############
Ricevuto il: 2019-03-21T14:46:34+01:00identificativoPSP:?
---------------------------------------------
#############################################


############## paaVerificaRPT ###############
Ricevuto il: 2019-03-21T14:47:08+01:00identificativoPSP:?
---------------------------------------------
#############################################


############## paaVerificaRPT ###############
Ricevuto il: 2019-03-21T14:47:47+01:00identificativoPSP:?
---------------------------------------------
#############################################


############## paaVerificaRPT ###############
Ricevuto il: 2019-03-21T14:47:58+01:00identificativoPSP:AGID_01
---------------------------------------------
#############################################


############## paaVerificaRPT ###############
Ricevuto il: 2019-03-21T14:49:46+01:00identificativoPSP:AGID_01
---------------------------------------------
#############################################


############## paaVerificaRPT ###############
Ricevuto il: 2019-03-21T14:51:14+01:00identificativoPSP:?
---------------------------------------------
#############################################


############## paaVerificaRPT ###############
Ricevuto il: 2019-03-21T14:51:26+01:00identificativoPSP:AGID_01
---------------------------------------------
#############################################


############## paaVerificaRPT ###############
Ricevuto il: 2019-03-21T14:52:36+01:00identificativoPSP:AGID_01
---------------------------------------------
#############################################


############## paaVerificaRPT ###############
Ricevuto il: 2019-03-21T14:54:03+01:00identificativoPSP:AGID_01
---------------------------------------------
#############################################


############## paaVerificaRPT ###############
Ricevuto il: 2019-03-21T15:07:15+01:00identificativoPSP:?
---------------------------------------------
#############################################


############## paaVerificaRPT ###############
Ricevuto il: 2019-03-22T13:01:19+01:00identificativoPSP:AGID_01
---------------------------------------------
#############################################


############## paaVerificaRPT ###############
Ricevuto il: 2019-03-22T13:11:54+01:00identificativoPSP:AGID_01
---------------------------------------------
#############################################


############## paaVerificaRPT ###############
Ricevuto il: 2019-03-22T15:28:39+01:00identificativoPSP:AGID_01
---------------------------------------------
#############################################


############## paaVerificaRPT ###############
Ricevuto il: 2019-03-22T15:28:46+01:00identificativoPSP:AGID_01
---------------------------------------------
#############################################


############## paaVerificaRPT ###############
Ricevuto il: 2019-03-24T06:26:06+01:00identificativoPSP:AGID_01
---------------------------------------------
#############################################


############## paaVerificaRPT ###############
Ricevuto il: 2019-03-25T14:02:26+01:00identificativoPSP:PAYTITM1
---------------------------------------------
#############################################


############## paaVerificaRPT ###############
Ricevuto il: 2019-03-25T14:26:06+01:00identificativoPSP:AGID_01
---------------------------------------------
#############################################


############## paaVerificaRPT ###############
Ricevuto il: 2019-03-25T15:59:57+01:00identificativoPSP:AGID_01
---------------------------------------------
#############################################


############## paaVerificaRPT ###############
Ricevuto il: 2019-03-25T16:01:47+01:00identificativoPSP:AGID_01
---------------------------------------------
#############################################


############## paaVerificaRPT ###############
Ricevuto il: 2019-03-25T16:13:53+01:00identificativoPSP:AGID_01
---------------------------------------------
#############################################


############## paaVerificaRPT ###############
Ricevuto il: 2019-03-25T16:22:30+01:00identificativoPSP:AGID_01
---------------------------------------------
#############################################


############## paaVerificaRPT ###############
Ricevuto il: 2019-03-25T16:27:05+01:00identificativoPSP:AGID_01
---------------------------------------------
#############################################


############## paaVerificaRPT ###############
Ricevuto il: 2019-06-04T18:53:36+02:00identificativoPSP:AGID_01
---------------------------------------------
#############################################


############## paaVerificaRPT ###############
Ricevuto il: 2019-06-04T18:53:40+02:00identificativoPSP:AGID_01
---------------------------------------------
#############################################


############## paaVerificaRPT ###############
Ricevuto il: 2019-06-05T09:16:30+02:00identificativoPSP:AGID_01
---------------------------------------------
#############################################


############## paaVerificaRPT ###############
Ricevuto il: 2019-06-05T10:44:07+02:00identificativoPSP:AGID_01
---------------------------------------------
#############################################


############## paaVerificaRPT ###############
Ricevuto il: 2019-06-05T10:44:32+02:00identificativoPSP:AGID_01
---------------------------------------------
#############################################


############## paaVerificaRPT ###############
Ricevuto il: 2019-06-05T12:32:29+02:00identificativoPSP:AGID_01
---------------------------------------------
#############################################


############## paaVerificaRPT ###############
Ricevuto il: 2019-06-05T16:26:37+02:00identificativoPSP:AGID_01
---------------------------------------------
#############################################


############## paaVerificaRPT ###############
Ricevuto il: 2019-06-05T17:28:51+02:00identificativoPSP:AGID_01
---------------------------------------------
#############################################


############## paaVerificaRPT ###############
Ricevuto il: 2019-06-05T17:54:01+02:00identificativoPSP:AGID_01
---------------------------------------------
#############################################


############## paaVerificaRPT ###############
Ricevuto il: 2019-06-05T17:54:22+02:00identificativoPSP:AGID_01
---------------------------------------------
#############################################


############## paaVerificaRPT ###############
Ricevuto il: 2019-06-06T19:11:00+02:00identificativoPSP:AGID_01
---------------------------------------------
#############################################


############## paaVerificaRPT ###############
Ricevuto il: 2019-06-07T10:58:59+02:00identificativoPSP:AGID_01
---------------------------------------------
#############################################


############## paaVerificaRPT ###############
Ricevuto il: 2019-06-07T11:11:40+02:00identificativoPSP:AGID_01
---------------------------------------------
#############################################


############## paaVerificaRPT ###############
Ricevuto il: 2019-06-07T11:14:30+02:00identificativoPSP:AGID_01
---------------------------------------------
#############################################


############## paaVerificaRPT ###############
Ricevuto il: 2019-06-07T11:18:05+02:00identificativoPSP:AGID_01
---------------------------------------------
#############################################


############## paaVerificaRPT ###############
Ricevuto il: 2019-06-12T09:53:09+02:00identificativoPSP:AGID_01
---------------------------------------------
#############################################


############## paaVerificaRPT ###############
Ricevuto il: 2019-06-28T12:34:29+02:00identificativoPSP:AGID_01
---------------------------------------------
#############################################


############## paaVerificaRPT ###############
Ricevuto il: 2019-07-11T16:57:02+02:00identificativoPSP:AGID_02
---------------------------------------------
#############################################

